Time: December 31, 2019, 8:25 am
Duration: 0.080
IP Address: 127.0.0.1
URL: http://127.0.0.1:8000/numbers/sdfsdf
Method: GET
Input: 
Output: sdfsdf

====================

Time: December 31, 2019, 8:33 am
Duration: 0.054
IP Address: 127.0.0.1
URL: http://127.0.0.1:8000/numbers/sdf
Method: GET
Input: 
Output: {
    "message": "The Response content must be a string or object implementing __toString(), \"boolean\" given.",
    "exception": "UnexpectedValueException",
    "file": "/usr/local/var/www/laravel/numbers/vendor/symfony/http-foundation/Response.php",
    "line": 401,
    "trace": [
        {
            "file": "/usr/local/var/www/laravel/numbers/vendor/laravel/framework/src/Illuminate/Http/Response.php",
            "line": 45,
            "function": "setContent",
            "class": "Symfony\\Component\\HttpFoundation\\Response",
            "type": "->"
        },
        {
            "file": "/usr/local/var/www/laravel/numbers/vendor/symfony/http-foundation/Response.php",
            "line": 202,
            "function": "setContent",
            "class": "Illuminate\\Http\\Response",
            "type": "->"
        },
        {
            "file": "/usr/local/var/www/laravel/numbers/vendor/laravel/framework/src/Illuminate/Routing/Router.php",
            "line": 749,
            "function": "__construct",
            "class": "Symfony\\Component\\HttpFoundation\\Response",
            "type": "->"
        },
        {
            "file": "/usr/local/var/www/laravel/numbers/vendor/laravel/framework/src/Illuminate/Routing/Router.php",
            "line": 721,
            "function": "toResponse",
            "class": "Illuminate\\Routing\\Router",
            "type": "::"
        },
        {
            "file": "/usr/local/var/www/laravel/numbers/vendor/laravel/framework/src/Illuminate/Routing/Router.php",
            "line": 681,
            "function": "prepareResponse",
            "class": "Illuminate\\Routing\\Router",
            "type": "->"
        },
        {
            "file": "/usr/local/var/www/laravel/numbers/vendor/laravel/framework/src/Illuminate/Pipeline/Pipeline.php",
            "line": 130,
            "function": "Illuminate\\Routing\\{closure}",
            "class": "Illuminate\\Routing\\Router",
            "type": "->"
        },
        {
            "file": "/usr/local/var/www/laravel/numbers/app/Http/Middleware/ApiDataLogger.php",
            "line": 19,
            "function": "Illuminate\\Pipeline\\{closure}",
            "class": "Illuminate\\Pipeline\\Pipeline",
            "type": "->"
        },
        {
            "file": "/usr/local/var/www/laravel/numbers/vendor/laravel/framework/src/Illuminate/Pipeline/Pipeline.php",
            "line": 171,
            "function": "handle",
            "class": "App\\Http\\Middleware\\ApiDataLogger",
            "type": "->"
        },
        {
            "file": "/usr/local/var/www/laravel/numbers/vendor/laravel/framework/src/Illuminate/Routing/Middleware/SubstituteBindings.php",
            "line": 41,
            "function": "Illuminate\\Pipeline\\{closure}",
            "class": "Illuminate\\Pipeline\\Pipeline",
            "type": "->"
        },
        {
            "file": "/usr/local/var/www/laravel/numbers/vendor/laravel/framework/src/Illuminate/Pipeline/Pipeline.php",
            "line": 171,
            "function": "handle",
            "class": "Illuminate\\Routing\\Middleware\\SubstituteBindings",
            "type": "->"
        },
        {
            "file": "/usr/local/var/www/laravel/numbers/vendor/laravel/framework/src/Illuminate/Routing/Middleware/ThrottleRequests.php",
            "line": 59,
            "function": "Illuminate\\Pipeline\\{closure}",
            "class": "Illuminate\\Pipeline\\Pipeline",
            "type": "->"
        },
        {
            "file": "/usr/local/var/www/laravel/numbers/vendor/laravel/framework/src/Illuminate/Pipeline/Pipeline.php",
            "line": 171,
            "function": "handle",
            "class": "Illuminate\\Routing\\Middleware\\ThrottleRequests",
            "type": "->"
        },
        {
            "file": "/usr/local/var/www/laravel/numbers/vendor/laravel/framework/src/Illuminate/Foundation/Http/Middleware/VerifyCsrfToken.php",
            "line": 76,
            "function": "Illuminate\\Pipeline\\{closure}",
            "class": "Illuminate\\Pipeline\\Pipeline",
            "type": "->"
        },
        {
            "file": "/usr/local/var/www/laravel/numbers/vendor/laravel/framework/src/Illuminate/Pipeline/Pipeline.php",
            "line": 171,
            "function": "handle",
            "class": "Illuminate\\Foundation\\Http\\Middleware\\VerifyCsrfToken",
            "type": "->"
        },
        {
            "file": "/usr/local/var/www/laravel/numbers/vendor/laravel/framework/src/Illuminate/View/Middleware/ShareErrorsFromSession.php",
            "line": 49,
            "function": "Illuminate\\Pipeline\\{closure}",
            "class": "Illuminate\\Pipeline\\Pipeline",
            "type": "->"
        },
        {
            "file": "/usr/local/var/www/laravel/numbers/vendor/laravel/framework/src/Illuminate/Pipeline/Pipeline.php",
            "line": 171,
            "function": "handle",
            "class": "Illuminate\\View\\Middleware\\ShareErrorsFromSession",
            "type": "->"
        },
        {
            "file": "/usr/local/var/www/laravel/numbers/vendor/laravel/framework/src/Illuminate/Session/Middleware/StartSession.php",
            "line": 56,
            "function": "Illuminate\\Pipeline\\{closure}",
            "class": "Illuminate\\Pipeline\\Pipeline",
            "type": "->"
        },
        {
            "file": "/usr/local/var/www/laravel/numbers/vendor/laravel/framework/src/Illuminate/Pipeline/Pipeline.php",
            "line": 171,
            "function": "handle",
            "class": "Illuminate\\Session\\Middleware\\StartSession",
            "type": "->"
        },
        {
            "file": "/usr/local/var/www/laravel/numbers/vendor/laravel/framework/src/Illuminate/Cookie/Middleware/AddQueuedCookiesToResponse.php",
            "line": 37,
            "function": "Illuminate\\Pipeline\\{closure}",
            "class": "Illuminate\\Pipeline\\Pipeline",
            "type": "->"
        },
        {
            "file": "/usr/local/var/www/laravel/numbers/vendor/laravel/framework/src/Illuminate/Pipeline/Pipeline.php",
            "line": 171,
            "function": "handle",
            "class": "Illuminate\\Cookie\\Middleware\\AddQueuedCookiesToResponse",
            "type": "->"
        },
        {
            "file": "/usr/local/var/www/laravel/numbers/vendor/laravel/framework/src/Illuminate/Cookie/Middleware/EncryptCookies.php",
            "line": 66,
            "function": "Illuminate\\Pipeline\\{closure}",
            "class": "Illuminate\\Pipeline\\Pipeline",
            "type": "->"
        },
        {
            "file": "/usr/local/var/www/laravel/numbers/vendor/laravel/framework/src/Illuminate/Pipeline/Pipeline.php",
            "line": 171,
            "function": "handle",
            "class": "Illuminate\\Cookie\\Middleware\\EncryptCookies",
            "type": "->"
        },
        {
            "file": "/usr/local/var/www/laravel/numbers/vendor/laravel/framework/src/Illuminate/Pipeline/Pipeline.php",
            "line": 105,
            "function": "Illuminate\\Pipeline\\{closure}",
            "class": "Illuminate\\Pipeline\\Pipeline",
            "type": "->"
        },
        {
            "file": "/usr/local/var/www/laravel/numbers/vendor/laravel/framework/src/Illuminate/Routing/Router.php",
            "line": 683,
            "function": "then",
            "class": "Illuminate\\Pipeline\\Pipeline",
            "type": "->"
        },
        {
            "file": "/usr/local/var/www/laravel/numbers/vendor/laravel/framework/src/Illuminate/Routing/Router.php",
            "line": 658,
            "function": "runRouteWithinStack",
            "class": "Illuminate\\Routing\\Router",
            "type": "->"
        },
        {
            "file": "/usr/local/var/www/laravel/numbers/vendor/laravel/framework/src/Illuminate/Routing/Router.php",
            "line": 624,
            "function": "runRoute",
            "class": "Illuminate\\Routing\\Router",
            "type": "->"
        },
        {
            "file": "/usr/local/var/www/laravel/numbers/vendor/laravel/framework/src/Illuminate/Routing/Router.php",
            "line": 613,
            "function": "dispatchToRoute",
            "class": "Illuminate\\Routing\\Router",
            "type": "->"
        },
        {
            "file": "/usr/local/var/www/laravel/numbers/vendor/laravel/framework/src/Illuminate/Foundation/Http/Kernel.php",
            "line": 170,
            "function": "dispatch",
            "class": "Illuminate\\Routing\\Router",
            "type": "->"
        },
        {
            "file": "/usr/local/var/www/laravel/numbers/vendor/laravel/framework/src/Illuminate/Pipeline/Pipeline.php",
            "line": 130,
            "function": "Illuminate\\Foundation\\Http\\{closure}",
            "class": "Illuminate\\Foundation\\Http\\Kernel",
            "type": "->"
        },
        {
            "file": "/usr/local/var/www/laravel/numbers/vendor/laravel/framework/src/Illuminate/Foundation/Http/Middleware/TransformsRequest.php",
            "line": 21,
            "function": "Illuminate\\Pipeline\\{closure}",
            "class": "Illuminate\\Pipeline\\Pipeline",
            "type": "->"
        },
        {
            "file": "/usr/local/var/www/laravel/numbers/vendor/laravel/framework/src/Illuminate/Pipeline/Pipeline.php",
            "line": 171,
            "function": "handle",
            "class": "Illuminate\\Foundation\\Http\\Middleware\\TransformsRequest",
            "type": "->"
        },
        {
            "file": "/usr/local/var/www/laravel/numbers/vendor/laravel/framework/src/Illuminate/Foundation/Http/Middleware/TransformsRequest.php",
            "line": 21,
            "function": "Illuminate\\Pipeline\\{closure}",
            "class": "Illuminate\\Pipeline\\Pipeline",
            "type": "->"
        },
        {
            "file": "/usr/local/var/www/laravel/numbers/vendor/laravel/framework/src/Illuminate/Pipeline/Pipeline.php",
            "line": 171,
            "function": "handle",
            "class": "Illuminate\\Foundation\\Http\\Middleware\\TransformsRequest",
            "type": "->"
        },
        {
            "file": "/usr/local/var/www/laravel/numbers/vendor/laravel/framework/src/Illuminate/Foundation/Http/Middleware/ValidatePostSize.php",
            "line": 27,
            "function": "Illuminate\\Pipeline\\{closure}",
            "class": "Illuminate\\Pipeline\\Pipeline",
            "type": "->"
        },
        {
            "file": "/usr/local/var/www/laravel/numbers/vendor/laravel/framework/src/Illuminate/Pipeline/Pipeline.php",
            "line": 171,
            "function": "handle",
            "class": "Illuminate\\Foundation\\Http\\Middleware\\ValidatePostSize",
            "type": "->"
        },
        {
            "file": "/usr/local/var/www/laravel/numbers/vendor/laravel/framework/src/Illuminate/Foundation/Http/Middleware/CheckForMaintenanceMode.php",
            "line": 62,
            "function": "Illuminate\\Pipeline\\{closure}",
            "class": "Illuminate\\Pipeline\\Pipeline",
            "type": "->"
        },
        {
            "file": "/usr/local/var/www/laravel/numbers/vendor/laravel/framework/src/Illuminate/Pipeline/Pipeline.php",
            "line": 171,
            "function": "handle",
            "class": "Illuminate\\Foundation\\Http\\Middleware\\CheckForMaintenanceMode",
            "type": "->"
        },
        {
            "file": "/usr/local/var/www/laravel/numbers/vendor/fideloper/proxy/src/TrustProxies.php",
            "line": 57,
            "function": "Illuminate\\Pipeline\\{closure}",
            "class": "Illuminate\\Pipeline\\Pipeline",
            "type": "->"
        },
        {
            "file": "/usr/local/var/www/laravel/numbers/vendor/laravel/framework/src/Illuminate/Pipeline/Pipeline.php",
            "line": 171,
            "function": "handle",
            "class": "Fideloper\\Proxy\\TrustProxies",
            "type": "->"
        },
        {
            "file": "/usr/local/var/www/laravel/numbers/vendor/laravel/framework/src/Illuminate/Pipeline/Pipeline.php",
            "line": 105,
            "function": "Illuminate\\Pipeline\\{closure}",
            "class": "Illuminate\\Pipeline\\Pipeline",
            "type": "->"
        },
        {
            "file": "/usr/local/var/www/laravel/numbers/vendor/laravel/framework/src/Illuminate/Foundation/Http/Kernel.php",
            "line": 145,
            "function": "then",
            "class": "Illuminate\\Pipeline\\Pipeline",
            "type": "->"
        },
        {
            "file": "/usr/local/var/www/laravel/numbers/vendor/laravel/framework/src/Illuminate/Foundation/Http/Kernel.php",
            "line": 110,
            "function": "sendRequestThroughRouter",
            "class": "Illuminate\\Foundation\\Http\\Kernel",
            "type": "->"
        },
        {
            "file": "/usr/local/var/www/laravel/numbers/public/index.php",
            "line": 55,
            "function": "handle",
            "class": "Illuminate\\Foundation\\Http\\Kernel",
            "type": "->"
        },
        {
            "file": "/usr/local/var/www/laravel/numbers/server.php",
            "line": 21,
            "function": "require_once"
        }
    ]
}

====================

Time: December 31, 2019, 8:33 am
Duration: 0.066
IP Address: 127.0.0.1
URL: http://127.0.0.1:8000/numbers/X
Method: GET
Input: 
Output: 10

====================

